<?xml version="1.0" encoding="UTF-8"?>
<testng-results ignored="0" total="1" passed="1" failed="0" skipped="0">
  <reporter-output>
    <line>
      <![CDATA[Facebook – log in or sign up]]>
    </line>
    <line>
      <![CDATA[Sandesh]]>
    </line>
  </reporter-output>
  <suite started-at="2023-04-27T01:19:09 IST" name="Suite" finished-at="2023-04-27T01:19:13 IST" duration-ms="4284">
    <groups>
    </groups>
    <test started-at="2023-04-27T01:19:09 IST" name="Test" finished-at="2023-04-27T01:19:13 IST" duration-ms="4284">
      <class name="script.Test1">
        <test-method is-config="true" signature="openApp()[pri:0, instance:script.Test1@3514a4c0]" started-at="2023-04-27T01:19:09 IST" name="openApp" finished-at="2023-04-27T01:19:12 IST" duration-ms="3342" status="PASS">
          <reporter-output>
          </reporter-output>
        </test-method> <!-- openApp -->
        <test-method signature="test1()[pri:0, instance:script.Test1@3514a4c0]" started-at="2023-04-27T01:19:12 IST" name="test1" finished-at="2023-04-27T01:19:13 IST" duration-ms="690" status="PASS">
          <reporter-output>
            <line>
              <![CDATA[Facebook – log in or sign up]]>
            </line>
            <line>
              <![CDATA[Sandesh]]>
            </line>
          </reporter-output>
        </test-method> <!-- test1 -->
        <test-method is-config="true" signature="close()[pri:0, instance:script.Test1@3514a4c0]" started-at="2023-04-27T01:19:13 IST" name="close" finished-at="2023-04-27T01:19:13 IST" duration-ms="224" status="PASS">
          <reporter-output>
          </reporter-output>
        </test-method> <!-- close -->
      </class> <!-- script.Test1 -->
    </test> <!-- Test -->
  </suite> <!-- Suite -->
</testng-results>
